Determining if the pthread_create exist failed with the following output:
Change Dir: /home/pookie/Documents/code/C/CProj/cmake-build-debug/CMakeFiles/CMakeTmp

Run Build Command:"/usr/bin/make" "cmTC_97e18/fast"
/usr/bin/make -f CMakeFiles/cmTC_97e18.dir/build.make CMakeFiles/cmTC_97e18.dir/build
make[1]: Entering directory '/home/pookie/Documents/code/C/CProj/cmake-build-debug/CMakeFiles/CMakeTmp'
Building C object CMakeFiles/cmTC_97e18.dir/CheckSymbolExists.c.o
/usr/bin/cc   -std=gnu99 -o CMakeFiles/cmTC_97e18.dir/CheckSymbolExists.c.o   -c /home/pookie/Documents/code/C/CProj/cmake-build-debug/CMakeFiles/CMakeTmp/CheckSymbolExists.c
Linking C executable cmTC_97e18
/home/pookie/Documents/code/clion-2017.2.3/bin/cmake/bin/cmake -E cmake_link_script CMakeFiles/cmTC_97e18.dir/link.txt --verbose=1
/usr/bin/cc      CMakeFiles/cmTC_97e18.dir/CheckSymbolExists.c.o  -o cmTC_97e18 
CMakeFiles/cmTC_97e18.dir/CheckSymbolExists.c.o: In function `main':
CheckSymbolExists.c:(.text+0x1b): undefined reference to `pthread_create'
collect2: error: ld returned 1 exit status
make[1]: *** [CMakeFiles/cmTC_97e18.dir/build.make:98: cmTC_97e18] Error 1
make[1]: Leaving directory '/home/pookie/Documents/code/C/CProj/cmake-build-debug/CMakeFiles/CMakeTmp'
make: *** [Makefile:126: cmTC_97e18/fast] Error 2

File /home/pookie/Documents/code/C/CProj/cmake-build-debug/CMakeFiles/CMakeTmp/CheckSymbolExists.c:
/* */
#include <pthread.h>

int main(int argc, char** argv)
{
  (void)argv;
#ifndef pthread_create
  return ((int*)(&pthread_create))[argc];
#else
  (void)argc;
  return 0;
#endif
}

